[2015-11-25 19:25:11] INFO  WEBrick 1.3.1
[2015-11-25 19:25:11] INFO  ruby 2.2.3 (2015-08-18) [x86_64-linux]
[2015-11-25 19:25:11] INFO  WEBrick::HTTPServer#start: pid=4836 port=3000
=> Booting WEBrick
=> Rails 4.2.4 application starting in development on http://localhost:3000
=> Run `rails server -h` for more startup options
=> Ctrl-C to shutdown server


Started GET "/messages/2" for ::1 at 2015-11-25 19:25:14 +0900
  [1m[36mActiveRecord::SchemaMigration Load (0.2ms)[0m  [1mSELECT "schema_migrations".* FROM "schema_migrations"[0m
Processing by MessagesController#show as HTML
  Parameters: {"id"=>"2"}
  Rendered messages/show.html.erb within layouts/application (1.9ms)
Completed 200 OK in 748ms (Views: 729.6ms | ActiveRecord: 0.0ms)


Started GET "/assets/application.self-e80e8f2318043e8af94dddc2adad5a4f09739a8ebb323b3ab31cd71d45fd9113.css?body=1" for ::1 at 2015-11-25 19:25:15 +0900


Started GET "/assets/jquery.self-a714331225dda820228db323939889f149aec0127aeb06255646b616ba1ca419.js?body=1" for 127.0.0.1 at 2015-11-25 19:25:15 +0900


Started GET "/assets/turbolinks.self-c37727e9bd6b2735da5c311aa83fead54ed0be6cc8bd9a65309e9c5abe2cbfff.js?body=1" for 127.0.0.1 at 2015-11-25 19:25:15 +0900


Started GET "/assets/messages.self-6480de7e069e8fca6ff9eff59c1cfb2337f6670049f2f6bfa548628956d5d185.js?body=1" for ::1 at 2015-11-25 19:25:15 +0900


Started GET "/assets/jquery_ujs.self-d456baa54c1fa6be2ec3711f0a72ddf7a5b2f34a6b4f515f33767d6207b7d4b3.js?body=1" for ::1 at 2015-11-25 19:25:15 +0900


Started GET "/assets/webrtc_rails/main.self-790be89716f2201b8a4519195de0f1d737277e831a72f2f1f2e75466f650ede0.js?body=1" for 127.0.0.1 at 2015-11-25 19:25:15 +0900


Started GET "/assets/application.self-f3fe4ac0b3b2eca2c926bc833b873d92392868e20e7e7ac4676d2dcda8d5ad56.js?body=1" for ::1 at 2015-11-25 19:25:15 +0900


Started GET "/messages/2" for ::1 at 2015-11-25 19:25:20 +0900
Processing by MessagesController#show as HTML
  Parameters: {"id"=>"2"}
  Rendered messages/show.html.erb within layouts/application (0.3ms)
Completed 200 OK in 50ms (Views: 48.5ms | ActiveRecord: 0.0ms)


Started GET "/assets/application.self-e80e8f2318043e8af94dddc2adad5a4f09739a8ebb323b3ab31cd71d45fd9113.css?body=1" for 127.0.0.1 at 2015-11-25 19:25:20 +0900


Started GET "/assets/jquery.self-a714331225dda820228db323939889f149aec0127aeb06255646b616ba1ca419.js?body=1" for ::1 at 2015-11-25 19:25:20 +0900


Started GET "/assets/jquery_ujs.self-d456baa54c1fa6be2ec3711f0a72ddf7a5b2f34a6b4f515f33767d6207b7d4b3.js?body=1" for 127.0.0.1 at 2015-11-25 19:25:20 +0900


Started GET "/assets/messages.self-6480de7e069e8fca6ff9eff59c1cfb2337f6670049f2f6bfa548628956d5d185.js?body=1" for 127.0.0.1 at 2015-11-25 19:25:20 +0900


Started GET "/assets/application.self-f3fe4ac0b3b2eca2c926bc833b873d92392868e20e7e7ac4676d2dcda8d5ad56.js?body=1" for 127.0.0.1 at 2015-11-25 19:25:20 +0900


Started GET "/assets/turbolinks.self-c37727e9bd6b2735da5c311aa83fead54ed0be6cc8bd9a65309e9c5abe2cbfff.js?body=1" for ::1 at 2015-11-25 19:25:20 +0900


Started GET "/assets/webrtc_rails/main.self-790be89716f2201b8a4519195de0f1d737277e831a72f2f1f2e75466f650ede0.js?body=1" for ::1 at 2015-11-25 19:25:20 +0900


Started GET "/messages/2" for 127.0.0.1 at 2015-11-25 19:25:23 +0900
Processing by MessagesController#show as HTML
  Parameters: {"id"=>"2"}
  Rendered messages/show.html.erb within layouts/application (1.3ms)
Completed 200 OK in 52ms (Views: 49.9ms | ActiveRecord: 0.0ms)


Started GET "/assets/application.self-e80e8f2318043e8af94dddc2adad5a4f09739a8ebb323b3ab31cd71d45fd9113.css?body=1" for ::1 at 2015-11-25 19:25:23 +0900


Started GET "/assets/jquery_ujs.self-d456baa54c1fa6be2ec3711f0a72ddf7a5b2f34a6b4f515f33767d6207b7d4b3.js?body=1" for ::1 at 2015-11-25 19:25:23 +0900


Started GET "/assets/jquery.self-a714331225dda820228db323939889f149aec0127aeb06255646b616ba1ca419.js?body=1" for 127.0.0.1 at 2015-11-25 19:25:23 +0900


Started GET "/assets/messages.self-6480de7e069e8fca6ff9eff59c1cfb2337f6670049f2f6bfa548628956d5d185.js?body=1" for ::1 at 2015-11-25 19:25:23 +0900


Started GET "/assets/webrtc_rails/main.self-790be89716f2201b8a4519195de0f1d737277e831a72f2f1f2e75466f650ede0.js?body=1" for 127.0.0.1 at 2015-11-25 19:25:23 +0900


Started GET "/assets/application.self-f3fe4ac0b3b2eca2c926bc833b873d92392868e20e7e7ac4676d2dcda8d5ad56.js?body=1" for ::1 at 2015-11-25 19:25:23 +0900


Started GET "/assets/turbolinks.self-c37727e9bd6b2735da5c311aa83fead54ed0be6cc8bd9a65309e9c5abe2cbfff.js?body=1" for 127.0.0.1 at 2015-11-25 19:25:23 +0900


Started GET "/messages/2" for ::1 at 2015-11-25 19:25:28 +0900
Processing by MessagesController#show as HTML
  Parameters: {"id"=>"2"}
  Rendered messages/show.html.erb within layouts/application (0.2ms)
Completed 200 OK in 32ms (Views: 30.8ms | ActiveRecord: 0.0ms)


Started GET "/messages/1" for 127.0.0.1 at 2015-11-25 19:25:29 +0900
Processing by MessagesController#show as HTML
  Parameters: {"id"=>"1"}
  Rendered messages/show.html.erb within layouts/application (0.2ms)
Completed 200 OK in 31ms (Views: 30.0ms | ActiveRecord: 0.0ms)


Started GET "/muieblackcat" for ::1 at 2015-11-25 19:34:52 +0900

ActionController::RoutingError (No route matches [GET] "/muieblackcat"):
  actionpack (4.2.4) lib/action_dispatch/middleware/debug_exceptions.rb:21:in `call'
  web-console (2.2.1) lib/web_console/middleware.rb:39:in `call'
  actionpack (4.2.4) lib/action_dispatch/middleware/show_exceptions.rb:30:in `call'
  railties (4.2.4) lib/rails/rack/logger.rb:38:in `call_app'
  railties (4.2.4) lib/rails/rack/logger.rb:20:in `block in call'
  activesupport (4.2.4) lib/active_support/tagged_logging.rb:68:in `block in tagged'
  activesupport (4.2.4) lib/active_support/tagged_logging.rb:26:in `tagged'
  activesupport (4.2.4) lib/active_support/tagged_logging.rb:68:in `tagged'
  railties (4.2.4) lib/rails/rack/logger.rb:20:in `call'
  actionpack (4.2.4) lib/action_dispatch/middleware/request_id.rb:21:in `call'
  rack (1.6.4) lib/rack/methodoverride.rb:22:in `call'
  rack (1.6.4) lib/rack/runtime.rb:18:in `call'
  activesupport (4.2.4) lib/active_support/cache/strategy/local_cache_middleware.rb:28:in `call'
  actionpack (4.2.4) lib/action_dispatch/middleware/static.rb:116:in `call'
  rack (1.6.4) lib/rack/sendfile.rb:113:in `call'
  railties (4.2.4) lib/rails/engine.rb:518:in `call'
  railties (4.2.4) lib/rails/application.rb:165:in `call'
  rack (1.6.4) lib/rack/lock.rb:17:in `call'
  rack (1.6.4) lib/rack/content_length.rb:15:in `call'
  rack (1.6.4) lib/rack/handler/webrick.rb:88:in `service'
  /home/malt/.rbenv/versions/2.2.3/lib/ruby/2.2.0/webrick/httpserver.rb:138:in `service'
  /home/malt/.rbenv/versions/2.2.3/lib/ruby/2.2.0/webrick/httpserver.rb:94:in `run'
  /home/malt/.rbenv/versions/2.2.3/lib/ruby/2.2.0/webrick/server.rb:294:in `block in start_thread'


  Rendered /home/malt/.rbenv/versions/2.2.3/lib/ruby/gems/2.2.0/gems/actionpack-4.2.4/lib/action_dispatch/middleware/templates/rescues/_trace.html.erb (1.6ms)
  Rendered /home/malt/.rbenv/versions/2.2.3/lib/ruby/gems/2.2.0/gems/actionpack-4.2.4/lib/action_dispatch/middleware/templates/routes/_route.html.erb (0.9ms)
  Rendered /home/malt/.rbenv/versions/2.2.3/lib/ruby/gems/2.2.0/gems/actionpack-4.2.4/lib/action_dispatch/middleware/templates/routes/_table.html.erb (7.8ms)
  Rendered /home/malt/.rbenv/versions/2.2.3/lib/ruby/gems/2.2.0/gems/actionpack-4.2.4/lib/action_dispatch/middleware/templates/rescues/_request_and_response.html.erb (1.4ms)
  Rendered /home/malt/.rbenv/versions/2.2.3/lib/ruby/gems/2.2.0/gems/actionpack-4.2.4/lib/action_dispatch/middleware/templates/rescues/routing_error.html.erb within rescues/layout (36.5ms)
  Rendered /home/malt/.rbenv/versions/2.2.3/lib/ruby/gems/2.2.0/gems/web-console-2.2.1/lib/web_console/templates/_markup.html.erb (0.5ms)
  Rendered /home/malt/.rbenv/versions/2.2.3/lib/ruby/gems/2.2.0/gems/web-console-2.2.1/lib/web_console/templates/_inner_console_markup.html.erb within layouts/inlined_string (0.4ms)
  Rendered /home/malt/.rbenv/versions/2.2.3/lib/ruby/gems/2.2.0/gems/web-console-2.2.1/lib/web_console/templates/_prompt_box_markup.html.erb within layouts/inlined_string (0.4ms)
  Rendered /home/malt/.rbenv/versions/2.2.3/lib/ruby/gems/2.2.0/gems/web-console-2.2.1/lib/web_console/templates/style.css.erb within layouts/inlined_string (0.4ms)
  Rendered /home/malt/.rbenv/versions/2.2.3/lib/ruby/gems/2.2.0/gems/web-console-2.2.1/lib/web_console/templates/console.js.erb within layouts/javascript (20.5ms)
  Rendered /home/malt/.rbenv/versions/2.2.3/lib/ruby/gems/2.2.0/gems/web-console-2.2.1/lib/web_console/templates/main.js.erb within layouts/javascript (0.4ms)
  Rendered /home/malt/.rbenv/versions/2.2.3/lib/ruby/gems/2.2.0/gems/web-console-2.2.1/lib/web_console/templates/error_page.js.erb within layouts/javascript (0.5ms)
  Rendered /home/malt/.rbenv/versions/2.2.3/lib/ruby/gems/2.2.0/gems/web-console-2.2.1/lib/web_console/templates/index.html.erb (42.0ms)


Started GET "/phpMyAdmin/scripts/setup.php" for 127.0.0.1 at 2015-11-25 19:34:53 +0900

ActionController::RoutingError (No route matches [GET] "/phpMyAdmin/scripts/setup.php"):
  actionpack (4.2.4) lib/action_dispatch/middleware/debug_exceptions.rb:21:in `call'
  web-console (2.2.1) lib/web_console/middleware.rb:39:in `call'
  actionpack (4.2.4) lib/action_dispatch/middleware/show_exceptions.rb:30:in `call'
  railties (4.2.4) lib/rails/rack/logger.rb:38:in `call_app'
  railties (4.2.4) lib/rails/rack/logger.rb:20:in `block in call'
  activesupport (4.2.4) lib/active_support/tagged_logging.rb:68:in `block in tagged'
  activesupport (4.2.4) lib/active_support/tagged_logging.rb:26:in `tagged'
  activesupport (4.2.4) lib/active_support/tagged_logging.rb:68:in `tagged'
  railties (4.2.4) lib/rails/rack/logger.rb:20:in `call'
  actionpack (4.2.4) lib/action_dispatch/middleware/request_id.rb:21:in `call'
  rack (1.6.4) lib/rack/methodoverride.rb:22:in `call'
  rack (1.6.4) lib/rack/runtime.rb:18:in `call'
  activesupport (4.2.4) lib/active_support/cache/strategy/local_cache_middleware.rb:28:in `call'
  actionpack (4.2.4) lib/action_dispatch/middleware/static.rb:116:in `call'
  rack (1.6.4) lib/rack/sendfile.rb:113:in `call'
  railties (4.2.4) lib/rails/engine.rb:518:in `call'
  railties (4.2.4) lib/rails/application.rb:165:in `call'
  rack (1.6.4) lib/rack/lock.rb:17:in `call'
  rack (1.6.4) lib/rack/content_length.rb:15:in `call'
  rack (1.6.4) lib/rack/handler/webrick.rb:88:in `service'
  /home/malt/.rbenv/versions/2.2.3/lib/ruby/2.2.0/webrick/httpserver.rb:138:in `service'
  /home/malt/.rbenv/versions/2.2.3/lib/ruby/2.2.0/webrick/httpserver.rb:94:in `run'
  /home/malt/.rbenv/versions/2.2.3/lib/ruby/2.2.0/webrick/server.rb:294:in `block in start_thread'


  Rendered /home/malt/.rbenv/versions/2.2.3/lib/ruby/gems/2.2.0/gems/actionpack-4.2.4/lib/action_dispatch/middleware/templates/rescues/_trace.html.erb (1.6ms)
  Rendered /home/malt/.rbenv/versions/2.2.3/lib/ruby/gems/2.2.0/gems/actionpack-4.2.4/lib/action_dispatch/middleware/templates/routes/_route.html.erb (0.9ms)
  Rendered /home/malt/.rbenv/versions/2.2.3/lib/ruby/gems/2.2.0/gems/actionpack-4.2.4/lib/action_dispatch/middleware/templates/routes/_table.html.erb (1.5ms)
  Rendered /home/malt/.rbenv/versions/2.2.3/lib/ruby/gems/2.2.0/gems/actionpack-4.2.4/lib/action_dispatch/middleware/templates/rescues/_request_and_response.html.erb (1.2ms)
  Rendered /home/malt/.rbenv/versions/2.2.3/lib/ruby/gems/2.2.0/gems/actionpack-4.2.4/lib/action_dispatch/middleware/templates/rescues/routing_error.html.erb within rescues/layout (27.6ms)
  Rendered /home/malt/.rbenv/versions/2.2.3/lib/ruby/gems/2.2.0/gems/web-console-2.2.1/lib/web_console/templates/_markup.html.erb (0.5ms)
  Rendered /home/malt/.rbenv/versions/2.2.3/lib/ruby/gems/2.2.0/gems/web-console-2.2.1/lib/web_console/templates/_inner_console_markup.html.erb within layouts/inlined_string (0.4ms)
  Rendered /home/malt/.rbenv/versions/2.2.3/lib/ruby/gems/2.2.0/gems/web-console-2.2.1/lib/web_console/templates/_prompt_box_markup.html.erb within layouts/inlined_string (0.4ms)
  Rendered /home/malt/.rbenv/versions/2.2.3/lib/ruby/gems/2.2.0/gems/web-console-2.2.1/lib/web_console/templates/style.css.erb within layouts/inlined_string (0.4ms)
  Rendered /home/malt/.rbenv/versions/2.2.3/lib/ruby/gems/2.2.0/gems/web-console-2.2.1/lib/web_console/templates/console.js.erb within layouts/javascript (20.5ms)
  Rendered /home/malt/.rbenv/versions/2.2.3/lib/ruby/gems/2.2.0/gems/web-console-2.2.1/lib/web_console/templates/main.js.erb within layouts/javascript (0.4ms)
  Rendered /home/malt/.rbenv/versions/2.2.3/lib/ruby/gems/2.2.0/gems/web-console-2.2.1/lib/web_console/templates/error_page.js.erb within layouts/javascript (0.5ms)
  Rendered /home/malt/.rbenv/versions/2.2.3/lib/ruby/gems/2.2.0/gems/web-console-2.2.1/lib/web_console/templates/index.html.erb (41.8ms)


Started GET "/phpmyadmin/scripts/setup.php" for ::1 at 2015-11-25 19:34:53 +0900

ActionController::RoutingError (No route matches [GET] "/phpmyadmin/scripts/setup.php"):
  actionpack (4.2.4) lib/action_dispatch/middleware/debug_exceptions.rb:21:in `call'
  web-console (2.2.1) lib/web_console/middleware.rb:39:in `call'
  actionpack (4.2.4) lib/action_dispatch/middleware/show_exceptions.rb:30:in `call'
  railties (4.2.4) lib/rails/rack/logger.rb:38:in `call_app'
  railties (4.2.4) lib/rails/rack/logger.rb:20:in `block in call'
  activesupport (4.2.4) lib/active_support/tagged_logging.rb:68:in `block in tagged'
  activesupport (4.2.4) lib/active_support/tagged_logging.rb:26:in `tagged'
  activesupport (4.2.4) lib/active_support/tagged_logging.rb:68:in `tagged'
  railties (4.2.4) lib/rails/rack/logger.rb:20:in `call'
  actionpack (4.2.4) lib/action_dispatch/middleware/request_id.rb:21:in `call'
  rack (1.6.4) lib/rack/methodoverride.rb:22:in `call'
  rack (1.6.4) lib/rack/runtime.rb:18:in `call'
  activesupport (4.2.4) lib/active_support/cache/strategy/local_cache_middleware.rb:28:in `call'
  actionpack (4.2.4) lib/action_dispatch/middleware/static.rb:116:in `call'
  rack (1.6.4) lib/rack/sendfile.rb:113:in `call'
  railties (4.2.4) lib/rails/engine.rb:518:in `call'
  railties (4.2.4) lib/rails/application.rb:165:in `call'
  rack (1.6.4) lib/rack/lock.rb:17:in `call'
  rack (1.6.4) lib/rack/content_length.rb:15:in `call'
  rack (1.6.4) lib/rack/handler/webrick.rb:88:in `service'
  /home/malt/.rbenv/versions/2.2.3/lib/ruby/2.2.0/webrick/httpserver.rb:138:in `service'
  /home/malt/.rbenv/versions/2.2.3/lib/ruby/2.2.0/webrick/httpserver.rb:94:in `run'
  /home/malt/.rbenv/versions/2.2.3/lib/ruby/2.2.0/webrick/server.rb:294:in `block in start_thread'


  Rendered /home/malt/.rbenv/versions/2.2.3/lib/ruby/gems/2.2.0/gems/actionpack-4.2.4/lib/action_dispatch/middleware/templates/rescues/_trace.html.erb (1.6ms)
  Rendered /home/malt/.rbenv/versions/2.2.3/lib/ruby/gems/2.2.0/gems/actionpack-4.2.4/lib/action_dispatch/middleware/templates/routes/_route.html.erb (0.9ms)
  Rendered /home/malt/.rbenv/versions/2.2.3/lib/ruby/gems/2.2.0/gems/actionpack-4.2.4/lib/action_dispatch/middleware/templates/routes/_table.html.erb (1.5ms)
  Rendered /home/malt/.rbenv/versions/2.2.3/lib/ruby/gems/2.2.0/gems/actionpack-4.2.4/lib/action_dispatch/middleware/templates/rescues/_request_and_response.html.erb (1.2ms)
  Rendered /home/malt/.rbenv/versions/2.2.3/lib/ruby/gems/2.2.0/gems/actionpack-4.2.4/lib/action_dispatch/middleware/templates/rescues/routing_error.html.erb within rescues/layout (27.3ms)
  Rendered /home/malt/.rbenv/versions/2.2.3/lib/ruby/gems/2.2.0/gems/web-console-2.2.1/lib/web_console/templates/_markup.html.erb (0.4ms)
  Rendered /home/malt/.rbenv/versions/2.2.3/lib/ruby/gems/2.2.0/gems/web-console-2.2.1/lib/web_console/templates/_inner_console_markup.html.erb within layouts/inlined_string (0.4ms)
  Rendered /home/malt/.rbenv/versions/2.2.3/lib/ruby/gems/2.2.0/gems/web-console-2.2.1/lib/web_console/templates/_prompt_box_markup.html.erb within layouts/inlined_string (0.4ms)
  Rendered /home/malt/.rbenv/versions/2.2.3/lib/ruby/gems/2.2.0/gems/web-console-2.2.1/lib/web_console/templates/style.css.erb within layouts/inlined_string (0.5ms)
  Rendered /home/malt/.rbenv/versions/2.2.3/lib/ruby/gems/2.2.0/gems/web-console-2.2.1/lib/web_console/templates/console.js.erb within layouts/javascript (20.6ms)
  Rendered /home/malt/.rbenv/versions/2.2.3/lib/ruby/gems/2.2.0/gems/web-console-2.2.1/lib/web_console/templates/main.js.erb within layouts/javascript (0.4ms)
  Rendered /home/malt/.rbenv/versions/2.2.3/lib/ruby/gems/2.2.0/gems/web-console-2.2.1/lib/web_console/templates/error_page.js.erb within layouts/javascript (0.6ms)
  Rendered /home/malt/.rbenv/versions/2.2.3/lib/ruby/gems/2.2.0/gems/web-console-2.2.1/lib/web_console/templates/index.html.erb (41.9ms)


Started GET "/pma/scripts/setup.php" for 127.0.0.1 at 2015-11-25 19:34:54 +0900

ActionController::RoutingError (No route matches [GET] "/pma/scripts/setup.php"):
  actionpack (4.2.4) lib/action_dispatch/middleware/debug_exceptions.rb:21:in `call'
  web-console (2.2.1) lib/web_console/middleware.rb:39:in `call'
  actionpack (4.2.4) lib/action_dispatch/middleware/show_exceptions.rb:30:in `call'
  railties (4.2.4) lib/rails/rack/logger.rb:38:in `call_app'
  railties (4.2.4) lib/rails/rack/logger.rb:20:in `block in call'
  activesupport (4.2.4) lib/active_support/tagged_logging.rb:68:in `block in tagged'
  activesupport (4.2.4) lib/active_support/tagged_logging.rb:26:in `tagged'
  activesupport (4.2.4) lib/active_support/tagged_logging.rb:68:in `tagged'
  railties (4.2.4) lib/rails/rack/logger.rb:20:in `call'
  actionpack (4.2.4) lib/action_dispatch/middleware/request_id.rb:21:in `call'
  rack (1.6.4) lib/rack/methodoverride.rb:22:in `call'
  rack (1.6.4) lib/rack/runtime.rb:18:in `call'
  activesupport (4.2.4) lib/active_support/cache/strategy/local_cache_middleware.rb:28:in `call'
  actionpack (4.2.4) lib/action_dispatch/middleware/static.rb:116:in `call'
  rack (1.6.4) lib/rack/sendfile.rb:113:in `call'
  railties (4.2.4) lib/rails/engine.rb:518:in `call'
  railties (4.2.4) lib/rails/application.rb:165:in `call'
  rack (1.6.4) lib/rack/lock.rb:17:in `call'
  rack (1.6.4) lib/rack/content_length.rb:15:in `call'
  rack (1.6.4) lib/rack/handler/webrick.rb:88:in `service'
  /home/malt/.rbenv/versions/2.2.3/lib/ruby/2.2.0/webrick/httpserver.rb:138:in `service'
  /home/malt/.rbenv/versions/2.2.3/lib/ruby/2.2.0/webrick/httpserver.rb:94:in `run'
  /home/malt/.rbenv/versions/2.2.3/lib/ruby/2.2.0/webrick/server.rb:294:in `block in start_thread'


  Rendered /home/malt/.rbenv/versions/2.2.3/lib/ruby/gems/2.2.0/gems/actionpack-4.2.4/lib/action_dispatch/middleware/templates/rescues/_trace.html.erb (1.6ms)
  Rendered /home/malt/.rbenv/versions/2.2.3/lib/ruby/gems/2.2.0/gems/actionpack-4.2.4/lib/action_dispatch/middleware/templates/routes/_route.html.erb (0.8ms)
  Rendered /home/malt/.rbenv/versions/2.2.3/lib/ruby/gems/2.2.0/gems/actionpack-4.2.4/lib/action_dispatch/middleware/templates/routes/_table.html.erb (1.4ms)
  Rendered /home/malt/.rbenv/versions/2.2.3/lib/ruby/gems/2.2.0/gems/actionpack-4.2.4/lib/action_dispatch/middleware/templates/rescues/_request_and_response.html.erb (1.1ms)
  Rendered /home/malt/.rbenv/versions/2.2.3/lib/ruby/gems/2.2.0/gems/actionpack-4.2.4/lib/action_dispatch/middleware/templates/rescues/routing_error.html.erb within rescues/layout (27.0ms)
  Rendered /home/malt/.rbenv/versions/2.2.3/lib/ruby/gems/2.2.0/gems/web-console-2.2.1/lib/web_console/templates/_markup.html.erb (0.4ms)
  Rendered /home/malt/.rbenv/versions/2.2.3/lib/ruby/gems/2.2.0/gems/web-console-2.2.1/lib/web_console/templates/_inner_console_markup.html.erb within layouts/inlined_string (0.4ms)
  Rendered /home/malt/.rbenv/versions/2.2.3/lib/ruby/gems/2.2.0/gems/web-console-2.2.1/lib/web_console/templates/_prompt_box_markup.html.erb within layouts/inlined_string (0.4ms)
  Rendered /home/malt/.rbenv/versions/2.2.3/lib/ruby/gems/2.2.0/gems/web-console-2.2.1/lib/web_console/templates/style.css.erb within layouts/inlined_string (0.4ms)
  Rendered /home/malt/.rbenv/versions/2.2.3/lib/ruby/gems/2.2.0/gems/web-console-2.2.1/lib/web_console/templates/console.js.erb within layouts/javascript (20.2ms)
  Rendered /home/malt/.rbenv/versions/2.2.3/lib/ruby/gems/2.2.0/gems/web-console-2.2.1/lib/web_console/templates/main.js.erb within layouts/javascript (0.4ms)
  Rendered /home/malt/.rbenv/versions/2.2.3/lib/ruby/gems/2.2.0/gems/web-console-2.2.1/lib/web_console/templates/error_page.js.erb within layouts/javascript (0.5ms)
  Rendered /home/malt/.rbenv/versions/2.2.3/lib/ruby/gems/2.2.0/gems/web-console-2.2.1/lib/web_console/templates/index.html.erb (40.9ms)


Started GET "/myadmin/scripts/setup.php" for ::1 at 2015-11-25 19:34:55 +0900

ActionController::RoutingError (No route matches [GET] "/myadmin/scripts/setup.php"):
  actionpack (4.2.4) lib/action_dispatch/middleware/debug_exceptions.rb:21:in `call'
  web-console (2.2.1) lib/web_console/middleware.rb:39:in `call'
  actionpack (4.2.4) lib/action_dispatch/middleware/show_exceptions.rb:30:in `call'
  railties (4.2.4) lib/rails/rack/logger.rb:38:in `call_app'
  railties (4.2.4) lib/rails/rack/logger.rb:20:in `block in call'
  activesupport (4.2.4) lib/active_support/tagged_logging.rb:68:in `block in tagged'
  activesupport (4.2.4) lib/active_support/tagged_logging.rb:26:in `tagged'
  activesupport (4.2.4) lib/active_support/tagged_logging.rb:68:in `tagged'
  railties (4.2.4) lib/rails/rack/logger.rb:20:in `call'
  actionpack (4.2.4) lib/action_dispatch/middleware/request_id.rb:21:in `call'
  rack (1.6.4) lib/rack/methodoverride.rb:22:in `call'
  rack (1.6.4) lib/rack/runtime.rb:18:in `call'
  activesupport (4.2.4) lib/active_support/cache/strategy/local_cache_middleware.rb:28:in `call'
  actionpack (4.2.4) lib/action_dispatch/middleware/static.rb:116:in `call'
  rack (1.6.4) lib/rack/sendfile.rb:113:in `call'
  railties (4.2.4) lib/rails/engine.rb:518:in `call'
  railties (4.2.4) lib/rails/application.rb:165:in `call'
  rack (1.6.4) lib/rack/lock.rb:17:in `call'
  rack (1.6.4) lib/rack/content_length.rb:15:in `call'
  rack (1.6.4) lib/rack/handler/webrick.rb:88:in `service'
  /home/malt/.rbenv/versions/2.2.3/lib/ruby/2.2.0/webrick/httpserver.rb:138:in `service'
  /home/malt/.rbenv/versions/2.2.3/lib/ruby/2.2.0/webrick/httpserver.rb:94:in `run'
  /home/malt/.rbenv/versions/2.2.3/lib/ruby/2.2.0/webrick/server.rb:294:in `block in start_thread'


  Rendered /home/malt/.rbenv/versions/2.2.3/lib/ruby/gems/2.2.0/gems/actionpack-4.2.4/lib/action_dispatch/middleware/templates/rescues/_trace.html.erb (1.6ms)
  Rendered /home/malt/.rbenv/versions/2.2.3/lib/ruby/gems/2.2.0/gems/actionpack-4.2.4/lib/action_dispatch/middleware/templates/routes/_route.html.erb (0.8ms)
  Rendered /home/malt/.rbenv/versions/2.2.3/lib/ruby/gems/2.2.0/gems/actionpack-4.2.4/lib/action_dispatch/middleware/templates/routes/_table.html.erb (1.4ms)
  Rendered /home/malt/.rbenv/versions/2.2.3/lib/ruby/gems/2.2.0/gems/actionpack-4.2.4/lib/action_dispatch/middleware/templates/rescues/_request_and_response.html.erb (1.2ms)
  Rendered /home/malt/.rbenv/versions/2.2.3/lib/ruby/gems/2.2.0/gems/actionpack-4.2.4/lib/action_dispatch/middleware/templates/rescues/routing_error.html.erb within rescues/layout (26.9ms)
  Rendered /home/malt/.rbenv/versions/2.2.3/lib/ruby/gems/2.2.0/gems/web-console-2.2.1/lib/web_console/templates/_markup.html.erb (0.4ms)
  Rendered /home/malt/.rbenv/versions/2.2.3/lib/ruby/gems/2.2.0/gems/web-console-2.2.1/lib/web_console/templates/_inner_console_markup.html.erb within layouts/inlined_string (0.4ms)
  Rendered /home/malt/.rbenv/versions/2.2.3/lib/ruby/gems/2.2.0/gems/web-console-2.2.1/lib/web_console/templates/_prompt_box_markup.html.erb within layouts/inlined_string (0.4ms)
  Rendered /home/malt/.rbenv/versions/2.2.3/lib/ruby/gems/2.2.0/gems/web-console-2.2.1/lib/web_console/templates/style.css.erb within layouts/inlined_string (0.4ms)
  Rendered /home/malt/.rbenv/versions/2.2.3/lib/ruby/gems/2.2.0/gems/web-console-2.2.1/lib/web_console/templates/console.js.erb within layouts/javascript (20.2ms)
  Rendered /home/malt/.rbenv/versions/2.2.3/lib/ruby/gems/2.2.0/gems/web-console-2.2.1/lib/web_console/templates/main.js.erb within layouts/javascript (0.3ms)
  Rendered /home/malt/.rbenv/versions/2.2.3/lib/ruby/gems/2.2.0/gems/web-console-2.2.1/lib/web_console/templates/error_page.js.erb within layouts/javascript (0.5ms)
  Rendered /home/malt/.rbenv/versions/2.2.3/lib/ruby/gems/2.2.0/gems/web-console-2.2.1/lib/web_console/templates/index.html.erb (41.2ms)


Started GET "/MyAdmin/scripts/setup.php" for 127.0.0.1 at 2015-11-25 19:34:55 +0900

ActionController::RoutingError (No route matches [GET] "/MyAdmin/scripts/setup.php"):
  actionpack (4.2.4) lib/action_dispatch/middleware/debug_exceptions.rb:21:in `call'
  web-console (2.2.1) lib/web_console/middleware.rb:39:in `call'
  actionpack (4.2.4) lib/action_dispatch/middleware/show_exceptions.rb:30:in `call'
  railties (4.2.4) lib/rails/rack/logger.rb:38:in `call_app'
  railties (4.2.4) lib/rails/rack/logger.rb:20:in `block in call'
  activesupport (4.2.4) lib/active_support/tagged_logging.rb:68:in `block in tagged'
  activesupport (4.2.4) lib/active_support/tagged_logging.rb:26:in `tagged'
  activesupport (4.2.4) lib/active_support/tagged_logging.rb:68:in `tagged'
  railties (4.2.4) lib/rails/rack/logger.rb:20:in `call'
  actionpack (4.2.4) lib/action_dispatch/middleware/request_id.rb:21:in `call'
  rack (1.6.4) lib/rack/methodoverride.rb:22:in `call'
  rack (1.6.4) lib/rack/runtime.rb:18:in `call'
  activesupport (4.2.4) lib/active_support/cache/strategy/local_cache_middleware.rb:28:in `call'
  actionpack (4.2.4) lib/action_dispatch/middleware/static.rb:116:in `call'
  rack (1.6.4) lib/rack/sendfile.rb:113:in `call'
  railties (4.2.4) lib/rails/engine.rb:518:in `call'
  railties (4.2.4) lib/rails/application.rb:165:in `call'
  rack (1.6.4) lib/rack/lock.rb:17:in `call'
  rack (1.6.4) lib/rack/content_length.rb:15:in `call'
  rack (1.6.4) lib/rack/handler/webrick.rb:88:in `service'
  /home/malt/.rbenv/versions/2.2.3/lib/ruby/2.2.0/webrick/httpserver.rb:138:in `service'
  /home/malt/.rbenv/versions/2.2.3/lib/ruby/2.2.0/webrick/httpserver.rb:94:in `run'
  /home/malt/.rbenv/versions/2.2.3/lib/ruby/2.2.0/webrick/server.rb:294:in `block in start_thread'


  Rendered /home/malt/.rbenv/versions/2.2.3/lib/ruby/gems/2.2.0/gems/actionpack-4.2.4/lib/action_dispatch/middleware/templates/rescues/_trace.html.erb (1.7ms)
  Rendered /home/malt/.rbenv/versions/2.2.3/lib/ruby/gems/2.2.0/gems/actionpack-4.2.4/lib/action_dispatch/middleware/templates/routes/_route.html.erb (0.9ms)
  Rendered /home/malt/.rbenv/versions/2.2.3/lib/ruby/gems/2.2.0/gems/actionpack-4.2.4/lib/action_dispatch/middleware/templates/routes/_table.html.erb (1.5ms)
[2015-11-25 23:01:31] FATAL SignalException: SIGTERM
	/home/malt/.rbenv/versions/2.2.3/lib/ruby/2.2.0/webrick/server.rb:174:in `select'
	/home/malt/.rbenv/versions/2.2.3/lib/ruby/2.2.0/webrick/server.rb:174:in `block in start'
	/home/malt/.rbenv/versions/2.2.3/lib/ruby/2.2.0/webrick/server.rb:32:in `start'
	/home/malt/.rbenv/versions/2.2.3/lib/ruby/2.2.0/webrick/server.rb:162:in `start'
	/home/malt/.rbenv/versions/2.2.3/lib/ruby/gems/2.2.0/gems/rack-1.6.4/lib/rack/handler/webrick.rb:34:in `run'
	/home/malt/.rbenv/versions/2.2.3/lib/ruby/gems/2.2.0/gems/rack-1.6.4/lib/rack/server.rb:286:in `start'
	/home/malt/.rbenv/versions/2.2.3/lib/ruby/gems/2.2.0/gems/railties-4.2.4/lib/rails/commands/server.rb:80:in `start'
	/home/malt/.rbenv/versions/2.2.3/lib/ruby/gems/2.2.0/gems/railties-4.2.4/lib/rails/commands/commands_tasks.rb:80:in `block in server'
	/home/malt/.rbenv/versions/2.2.3/lib/ruby/gems/2.2.0/gems/railties-4.2.4/lib/rails/commands/commands_tasks.rb:75:in `tap'
	/home/malt/.rbenv/versions/2.2.3/lib/ruby/gems/2.2.0/gems/railties-4.2.4/lib/rails/commands/commands_tasks.rb:75:in `server'
	/home/malt/.rbenv/versions/2.2.3/lib/ruby/gems/2.2.0/gems/railties-4.2.4/lib/rails/commands/commands_tasks.rb:39:in `run_command!'
	/home/malt/.rbenv/versions/2.2.3/lib/ruby/gems/2.2.0/gems/railties-4.2.4/lib/rails/commands.rb:17:in `<top (required)>'
	/home/malt/Documents/WebrtcRailsProj/bin/rails:8:in `require'
	/home/malt/Documents/WebrtcRailsProj/bin/rails:8:in `<top (required)>'
	/home/malt/.rbenv/versions/2.2.3/lib/ruby/gems/2.2.0/gems/spring-1.4.4/lib/spring/client/rails.rb:28:in `load'
	/home/malt/.rbenv/versions/2.2.3/lib/ruby/gems/2.2.0/gems/spring-1.4.4/lib/spring/client/rails.rb:28:in `call'
	/home/malt/.rbenv/versions/2.2.3/lib/ruby/gems/2.2.0/gems/spring-1.4.4/lib/spring/client/command.rb:7:in `call'
	/home/malt/.rbenv/versions/2.2.3/lib/ruby/gems/2.2.0/gems/spring-1.4.4/lib/spring/client.rb:28:in `run'
	/home/malt/.rbenv/versions/2.2.3/lib/ruby/gems/2.2.0/gems/spring-1.4.4/bin/spring:49:in `<top (required)>'
	/home/malt/.rbenv/versions/2.2.3/lib/ruby/gems/2.2.0/gems/spring-1.4.4/lib/spring/binstub.rb:11:in `load'
	/home/malt/.rbenv/versions/2.2.3/lib/ruby/gems/2.2.0/gems/spring-1.4.4/lib/spring/binstub.rb:11:in `<top (required)>'
	/home/malt/Documents/WebrtcRailsProj/bin/spring:13:in `require'
	/home/malt/Documents/WebrtcRailsProj/bin/spring:13:in `<top (required)>'
	bin/rails:3:in `load'
	bin/rails:3:in `<main>'
[2015-11-25 23:01:31] INFO  going to shutdown ...
[2015-11-25 23:01:31] INFO  WEBrick::HTTPServer#start done.
  Rendered /home/malt/.rbenv/versions/2.2.3/lib/ruby/gems/2.2.0/gems/actionpack-4.2.4/lib/action_dispatch/middleware/templates/rescues/_request_and_response.html.erb (1.2ms)
  Rendered /home/malt/.rbenv/versions/2.2.3/lib/ruby/gems/2.2.0/gems/actionpack-4.2.4/lib/action_dispatch/middleware/templates/rescues/routing_error.html.erb within rescues/layout (27.4ms)
  Rendered /home/malt/.rbenv/versions/2.2.3/lib/ruby/gems/2.2.0/gems/web-console-2.2.1/lib/web_console/templates/_markup.html.erb (0.5ms)
  Rendered /home/malt/.rbenv/versions/2.2.3/lib/ruby/gems/2.2.0/gems/web-console-2.2.1/lib/web_console/templates/_inner_console_markup.html.erb within layouts/inlined_string (0.4ms)
  Rendered /home/malt/.rbenv/versions/2.2.3/lib/ruby/gems/2.2.0/gems/web-console-2.2.1/lib/web_console/templates/_prompt_box_markup.html.erb within layouts/inlined_string (0.4ms)
  Rendered /home/malt/.rbenv/versions/2.2.3/lib/ruby/gems/2.2.0/gems/web-console-2.2.1/lib/web_console/templates/style.css.erb within layouts/inlined_string (0.4ms)
  Rendered /home/malt/.rbenv/versions/2.2.3/lib/ruby/gems/2.2.0/gems/web-console-2.2.1/lib/web_console/templates/console.js.erb within layouts/javascript (20.8ms)
  Rendered /home/malt/.rbenv/versions/2.2.3/lib/ruby/gems/2.2.0/gems/web-console-2.2.1/lib/web_console/templates/main.js.erb within layouts/javascript (0.3ms)
  Rendered /home/malt/.rbenv/versions/2.2.3/lib/ruby/gems/2.2.0/gems/web-console-2.2.1/lib/web_console/templates/error_page.js.erb within layouts/javascript (0.5ms)
  Rendered /home/malt/.rbenv/versions/2.2.3/lib/ruby/gems/2.2.0/gems/web-console-2.2.1/lib/web_console/templates/index.html.erb (42.1ms)
Exiting
[2015-11-25 23:29:55] INFO  WEBrick 1.3.1
[2015-11-25 23:29:55] INFO  ruby 2.2.3 (2015-08-18) [x86_64-linux]
[2015-11-25 23:29:55] INFO  WEBrick::HTTPServer#start: pid=11526 port=3000
=> Booting WEBrick
=> Rails 4.2.4 application starting in development on http://localhost:3000
=> Run `rails server -h` for more startup options
=> Ctrl-C to shutdown server


Started GET "/messages/2" for 127.0.0.1 at 2015-11-25 23:29:55 +0900
  [1m[36mActiveRecord::SchemaMigration Load (0.2ms)[0m  [1mSELECT "schema_migrations".* FROM "schema_migrations"[0m
Processing by MessagesController#show as HTML
  Parameters: {"id"=>"2"}
  Rendered messages/show.html.erb within layouts/application (2.3ms)
Completed 200 OK in 228ms (Views: 209.2ms | ActiveRecord: 0.0ms)


Started GET "/assets/application.self-e80e8f2318043e8af94dddc2adad5a4f09739a8ebb323b3ab31cd71d45fd9113.css?body=1" for ::1 at 2015-11-25 23:29:56 +0900


Started GET "/assets/jquery.self-a714331225dda820228db323939889f149aec0127aeb06255646b616ba1ca419.js?body=1" for 127.0.0.1 at 2015-11-25 23:29:56 +0900


Started GET "/assets/turbolinks.self-c37727e9bd6b2735da5c311aa83fead54ed0be6cc8bd9a65309e9c5abe2cbfff.js?body=1" for 127.0.0.1 at 2015-11-25 23:29:56 +0900


Started GET "/assets/jquery_ujs.self-d456baa54c1fa6be2ec3711f0a72ddf7a5b2f34a6b4f515f33767d6207b7d4b3.js?body=1" for ::1 at 2015-11-25 23:29:56 +0900


Started GET "/assets/messages.self-c37d9d4fea92a5754978a612ab388edd5736aeea8a82ac69d9f9ff61bb12cd4f.js?body=1" for ::1 at 2015-11-25 23:29:56 +0900


Started GET "/assets/application.self-f3fe4ac0b3b2eca2c926bc833b873d92392868e20e7e7ac4676d2dcda8d5ad56.js?body=1" for ::1 at 2015-11-25 23:29:56 +0900


Started GET "/assets/webrtc_rails/main.self-2866e3ff9441decb8315a1dd002ef9e855262bbe0c42d82e3baa73cb7b371574.js?body=1" for 127.0.0.1 at 2015-11-25 23:29:56 +0900


Started GET "/messages/1" for 127.0.0.1 at 2015-11-25 23:30:02 +0900
Processing by MessagesController#show as HTML
  Parameters: {"id"=>"1"}
  Rendered messages/show.html.erb within layouts/application (0.2ms)
Completed 200 OK in 66ms (Views: 65.1ms | ActiveRecord: 0.0ms)


Started GET "/messages/2" for ::1 at 2015-11-25 23:30:17 +0900
Processing by MessagesController#show as HTML
  Parameters: {"id"=>"2"}
  Rendered messages/show.html.erb within layouts/application (0.3ms)
Completed 200 OK in 41ms (Views: 39.4ms | ActiveRecord: 0.0ms)


Started GET "/assets/application.self-e80e8f2318043e8af94dddc2adad5a4f09739a8ebb323b3ab31cd71d45fd9113.css?body=1" for 127.0.0.1 at 2015-11-25 23:30:17 +0900


Started GET "/assets/turbolinks.self-c37727e9bd6b2735da5c311aa83fead54ed0be6cc8bd9a65309e9c5abe2cbfff.js?body=1" for ::1 at 2015-11-25 23:30:17 +0900


Started GET "/assets/jquery.self-a714331225dda820228db323939889f149aec0127aeb06255646b616ba1ca419.js?body=1" for ::1 at 2015-11-25 23:30:17 +0900


Started GET "/assets/jquery_ujs.self-d456baa54c1fa6be2ec3711f0a72ddf7a5b2f34a6b4f515f33767d6207b7d4b3.js?body=1" for 127.0.0.1 at 2015-11-25 23:30:17 +0900


Started GET "/assets/webrtc_rails/main.self-2866e3ff9441decb8315a1dd002ef9e855262bbe0c42d82e3baa73cb7b371574.js?body=1" for ::1 at 2015-11-25 23:30:17 +0900


Started GET "/assets/messages.self-c37d9d4fea92a5754978a612ab388edd5736aeea8a82ac69d9f9ff61bb12cd4f.js?body=1" for 127.0.0.1 at 2015-11-25 23:30:17 +0900


Started GET "/assets/application.self-f3fe4ac0b3b2eca2c926bc833b873d92392868e20e7e7ac4676d2dcda8d5ad56.js?body=1" for 127.0.0.1 at 2015-11-25 23:30:17 +0900


Started GET "/rails/info/properties" for ::1 at 2015-11-26 01:37:57 +0900
Processing by Rails::InfoController#properties as HTML
  [1m[35mActiveRecord::SchemaMigration Load (0.1ms)[0m  SELECT "schema_migrations".* FROM "schema_migrations"
  Rendered /home/malt/.rbenv/versions/2.2.3/lib/ruby/gems/2.2.0/gems/railties-4.2.4/lib/rails/templates/rails/info/properties.html.erb within layouts/application (0.4ms)
Completed 200 OK in 6ms (Views: 3.5ms | ActiveRecord: 0.3ms)


Started GET "/" for 127.0.0.1 at 2015-11-26 02:21:39 +0900
Processing by Rails::WelcomeController#index as HTML
  Rendered /home/malt/.rbenv/versions/2.2.3/lib/ruby/gems/2.2.0/gems/railties-4.2.4/lib/rails/templates/rails/welcome/index.html.erb (0.7ms)
Completed 200 OK in 2ms (Views: 2.0ms | ActiveRecord: 0.0ms)


Started GET "/phpMyAdmin/scripts/setup.php" for ::1 at 2015-11-26 03:34:57 +0900

ActionController::RoutingError (No route matches [GET] "/phpMyAdmin/scripts/setup.php"):
  actionpack (4.2.4) lib/action_dispatch/middleware/debug_exceptions.rb:21:in `call'
  web-console (2.2.1) lib/web_console/middleware.rb:39:in `call'
  actionpack (4.2.4) lib/action_dispatch/middleware/show_exceptions.rb:30:in `call'
  railties (4.2.4) lib/rails/rack/logger.rb:38:in `call_app'
  railties (4.2.4) lib/rails/rack/logger.rb:20:in `block in call'
  activesupport (4.2.4) lib/active_support/tagged_logging.rb:68:in `block in tagged'
  activesupport (4.2.4) lib/active_support/tagged_logging.rb:26:in `tagged'
  activesupport (4.2.4) lib/active_support/tagged_logging.rb:68:in `tagged'
  railties (4.2.4) lib/rails/rack/logger.rb:20:in `call'
  actionpack (4.2.4) lib/action_dispatch/middleware/request_id.rb:21:in `call'
  rack (1.6.4) lib/rack/methodoverride.rb:22:in `call'
  rack (1.6.4) lib/rack/runtime.rb:18:in `call'
  activesupport (4.2.4) lib/active_support/cache/strategy/local_cache_middleware.rb:28:in `call'
  actionpack (4.2.4) lib/action_dispatch/middleware/static.rb:116:in `call'
  rack (1.6.4) lib/rack/sendfile.rb:113:in `call'
  railties (4.2.4) lib/rails/engine.rb:518:in `call'
  railties (4.2.4) lib/rails/application.rb:165:in `call'
  rack (1.6.4) lib/rack/lock.rb:17:in `call'
  rack (1.6.4) lib/rack/content_length.rb:15:in `call'
  rack (1.6.4) lib/rack/handler/webrick.rb:88:in `service'
  /home/malt/.rbenv/versions/2.2.3/lib/ruby/2.2.0/webrick/httpserver.rb:138:in `service'
  /home/malt/.rbenv/versions/2.2.3/lib/ruby/2.2.0/webrick/httpserver.rb:94:in `run'
  /home/malt/.rbenv/versions/2.2.3/lib/ruby/2.2.0/webrick/server.rb:294:in `block in start_thread'


  Rendered /home/malt/.rbenv/versions/2.2.3/lib/ruby/gems/2.2.0/gems/actionpack-4.2.4/lib/action_dispatch/middleware/templates/rescues/_trace.html.erb (1.4ms)
  Rendered /home/malt/.rbenv/versions/2.2.3/lib/ruby/gems/2.2.0/gems/actionpack-4.2.4/lib/action_dispatch/middleware/templates/routes/_route.html.erb (0.9ms)
  Rendered /home/malt/.rbenv/versions/2.2.3/lib/ruby/gems/2.2.0/gems/actionpack-4.2.4/lib/action_dispatch/middleware/templates/routes/_table.html.erb (7.3ms)
  Rendered /home/malt/.rbenv/versions/2.2.3/lib/ruby/gems/2.2.0/gems/actionpack-4.2.4/lib/action_dispatch/middleware/templates/rescues/_request_and_response.html.erb (1.1ms)
  Rendered /home/malt/.rbenv/versions/2.2.3/lib/ruby/gems/2.2.0/gems/actionpack-4.2.4/lib/action_dispatch/middleware/templates/rescues/routing_error.html.erb within rescues/layout (36.2ms)
  Rendered /home/malt/.rbenv/versions/2.2.3/lib/ruby/gems/2.2.0/gems/web-console-2.2.1/lib/web_console/templates/_markup.html.erb (0.4ms)
  Rendered /home/malt/.rbenv/versions/2.2.3/lib/ruby/gems/2.2.0/gems/web-console-2.2.1/lib/web_console/templates/_inner_console_markup.html.erb within layouts/inlined_string (0.4ms)
  Rendered /home/malt/.rbenv/versions/2.2.3/lib/ruby/gems/2.2.0/gems/web-console-2.2.1/lib/web_console/templates/_prompt_box_markup.html.erb within layouts/inlined_string (0.3ms)
  Rendered /home/malt/.rbenv/versions/2.2.3/lib/ruby/gems/2.2.0/gems/web-console-2.2.1/lib/web_console/templates/style.css.erb within layouts/inlined_string (0.3ms)
  Rendered /home/malt/.rbenv/versions/2.2.3/lib/ruby/gems/2.2.0/gems/web-console-2.2.1/lib/web_console/templates/console.js.erb within layouts/javascript (20.0ms)
  Rendered /home/malt/.rbenv/versions/2.2.3/lib/ruby/gems/2.2.0/gems/web-console-2.2.1/lib/web_console/templates/main.js.erb within layouts/javascript (0.3ms)
  Rendered /home/malt/.rbenv/versions/2.2.3/lib/ruby/gems/2.2.0/gems/web-console-2.2.1/lib/web_console/templates/error_page.js.erb within layouts/javascript (0.5ms)
  Rendered /home/malt/.rbenv/versions/2.2.3/lib/ruby/gems/2.2.0/gems/web-console-2.2.1/lib/web_console/templates/index.html.erb (40.8ms)


Started GET "/pma/scripts/setup.php" for 127.0.0.1 at 2015-11-26 03:34:58 +0900

ActionController::RoutingError (No route matches [GET] "/pma/scripts/setup.php"):
  actionpack (4.2.4) lib/action_dispatch/middleware/debug_exceptions.rb:21:in `call'
  web-console (2.2.1) lib/web_console/middleware.rb:39:in `call'
  actionpack (4.2.4) lib/action_dispatch/middleware/show_exceptions.rb:30:in `call'
  railties (4.2.4) lib/rails/rack/logger.rb:38:in `call_app'
  railties (4.2.4) lib/rails/rack/logger.rb:20:in `block in call'
  activesupport (4.2.4) lib/active_support/tagged_logging.rb:68:in `block in tagged'
  activesupport (4.2.4) lib/active_support/tagged_logging.rb:26:in `tagged'
  activesupport (4.2.4) lib/active_support/tagged_logging.rb:68:in `tagged'
  railties (4.2.4) lib/rails/rack/logger.rb:20:in `call'
  actionpack (4.2.4) lib/action_dispatch/middleware/request_id.rb:21:in `call'
  rack (1.6.4) lib/rack/methodoverride.rb:22:in `call'
  rack (1.6.4) lib/rack/runtime.rb:18:in `call'
  activesupport (4.2.4) lib/active_support/cache/strategy/local_cache_middleware.rb:28:in `call'
  actionpack (4.2.4) lib/action_dispatch/middleware/static.rb:116:in `call'
  rack (1.6.4) lib/rack/sendfile.rb:113:in `call'
  railties (4.2.4) lib/rails/engine.rb:518:in `call'
  railties (4.2.4) lib/rails/application.rb:165:in `call'
  rack (1.6.4) lib/rack/lock.rb:17:in `call'
  rack (1.6.4) lib/rack/content_length.rb:15:in `call'
  rack (1.6.4) lib/rack/handler/webrick.rb:88:in `service'
  /home/malt/.rbenv/versions/2.2.3/lib/ruby/2.2.0/webrick/httpserver.rb:138:in `service'
  /home/malt/.rbenv/versions/2.2.3/lib/ruby/2.2.0/webrick/httpserver.rb:94:in `run'
  /home/malt/.rbenv/versions/2.2.3/lib/ruby/2.2.0/webrick/server.rb:294:in `block in start_thread'


  Rendered /home/malt/.rbenv/versions/2.2.3/lib/ruby/gems/2.2.0/gems/actionpack-4.2.4/lib/action_dispatch/middleware/templates/rescues/_trace.html.erb (1.5ms)
  Rendered /home/malt/.rbenv/versions/2.2.3/lib/ruby/gems/2.2.0/gems/actionpack-4.2.4/lib/action_dispatch/middleware/templates/routes/_route.html.erb (0.9ms)
  Rendered /home/malt/.rbenv/versions/2.2.3/lib/ruby/gems/2.2.0/gems/actionpack-4.2.4/lib/action_dispatch/middleware/templates/routes/_table.html.erb (1.5ms)
  Rendered /home/malt/.rbenv/versions/2.2.3/lib/ruby/gems/2.2.0/gems/actionpack-4.2.4/lib/action_dispatch/middleware/templates/rescues/_request_and_response.html.erb (1.2ms)
  Rendered /home/malt/.rbenv/versions/2.2.3/lib/ruby/gems/2.2.0/gems/actionpack-4.2.4/lib/action_dispatch/middleware/templates/rescues/routing_error.html.erb within rescues/layout (28.4ms)
  Rendered /home/malt/.rbenv/versions/2.2.3/lib/ruby/gems/2.2.0/gems/web-console-2.2.1/lib/web_console/templates/_markup.html.erb (0.4ms)
  Rendered /home/malt/.rbenv/versions/2.2.3/lib/ruby/gems/2.2.0/gems/web-console-2.2.1/lib/web_console/templates/_inner_console_markup.html.erb within layouts/inlined_string (0.4ms)
  Rendered /home/malt/.rbenv/versions/2.2.3/lib/ruby/gems/2.2.0/gems/web-console-2.2.1/lib/web_console/templates/_prompt_box_markup.html.erb within layouts/inlined_string (0.3ms)
  Rendered /home/malt/.rbenv/versions/2.2.3/lib/ruby/gems/2.2.0/gems/web-console-2.2.1/lib/web_console/templates/style.css.erb within layouts/inlined_string (0.4ms)
  Rendered /home/malt/.rbenv/versions/2.2.3/lib/ruby/gems/2.2.0/gems/web-console-2.2.1/lib/web_console/templates/console.js.erb within layouts/javascript (20.6ms)
  Rendered /home/malt/.rbenv/versions/2.2.3/lib/ruby/gems/2.2.0/gems/web-console-2.2.1/lib/web_console/templates/main.js.erb within layouts/javascript (0.3ms)
  Rendered /home/malt/.rbenv/versions/2.2.3/lib/ruby/gems/2.2.0/gems/web-console-2.2.1/lib/web_console/templates/error_page.js.erb within layouts/javascript (0.5ms)
  Rendered /home/malt/.rbenv/versions/2.2.3/lib/ruby/gems/2.2.0/gems/web-console-2.2.1/lib/web_console/templates/index.html.erb (41.8ms)


Started GET "/myadmin/scripts/setup.php" for ::1 at 2015-11-26 03:34:58 +0900

ActionController::RoutingError (No route matches [GET] "/myadmin/scripts/setup.php"):
  actionpack (4.2.4) lib/action_dispatch/middleware/debug_exceptions.rb:21:in `call'
  web-console (2.2.1) lib/web_console/middleware.rb:39:in `call'
  actionpack (4.2.4) lib/action_dispatch/middleware/show_exceptions.rb:30:in `call'
  railties (4.2.4) lib/rails/rack/logger.rb:38:in `call_app'
  railties (4.2.4) lib/rails/rack/logger.rb:20:in `block in call'
  activesupport (4.2.4) lib/active_support/tagged_logging.rb:68:in `block in tagged'
  activesupport (4.2.4) lib/active_support/tagged_logging.rb:26:in `tagged'
  activesupport (4.2.4) lib/active_support/tagged_logging.rb:68:in `tagged'
  railties (4.2.4) lib/rails/rack/logger.rb:20:in `call'
  actionpack (4.2.4) lib/action_dispatch/middleware/request_id.rb:21:in `call'
  rack (1.6.4) lib/rack/methodoverride.rb:22:in `call'
  rack (1.6.4) lib/rack/runtime.rb:18:in `call'
  activesupport (4.2.4) lib/active_support/cache/strategy/local_cache_middleware.rb:28:in `call'
  actionpack (4.2.4) lib/action_dispatch/middleware/static.rb:116:in `call'
  rack (1.6.4) lib/rack/sendfile.rb:113:in `call'
  railties (4.2.4) lib/rails/engine.rb:518:in `call'
  railties (4.2.4) lib/rails/application.rb:165:in `call'
  rack (1.6.4) lib/rack/lock.rb:17:in `call'
  rack (1.6.4) lib/rack/content_length.rb:15:in `call'
  rack (1.6.4) lib/rack/handler/webrick.rb:88:in `service'
  /home/malt/.rbenv/versions/2.2.3/lib/ruby/2.2.0/webrick/httpserver.rb:138:in `service'
  /home/malt/.rbenv/versions/2.2.3/lib/ruby/2.2.0/webrick/httpserver.rb:94:in `run'
  /home/malt/.rbenv/versions/2.2.3/lib/ruby/2.2.0/webrick/server.rb:294:in `block in start_thread'


  Rendered /home/malt/.rbenv/versions/2.2.3/lib/ruby/gems/2.2.0/gems/actionpack-4.2.4/lib/action_dispatch/middleware/templates/rescues/_trace.html.erb (1.5ms)
  Rendered /home/malt/.rbenv/versions/2.2.3/lib/ruby/gems/2.2.0/gems/actionpack-4.2.4/lib/action_dispatch/middleware/templates/routes/_route.html.erb (0.9ms)
  Rendered /home/malt/.rbenv/versions/2.2.3/lib/ruby/gems/2.2.0/gems/actionpack-4.2.4/lib/action_dispatch/middleware/templates/routes/_table.html.erb (1.4ms)
  Rendered /home/malt/.rbenv/versions/2.2.3/lib/ruby/gems/2.2.0/gems/actionpack-4.2.4/lib/action_dispatch/middleware/templates/rescues/_request_and_response.html.erb (1.1ms)
  Rendered /home/malt/.rbenv/versions/2.2.3/lib/ruby/gems/2.2.0/gems/actionpack-4.2.4/lib/action_dispatch/middleware/templates/rescues/routing_error.html.erb within rescues/layout (28.4ms)
  Rendered /home/malt/.rbenv/versions/2.2.3/lib/ruby/gems/2.2.0/gems/web-console-2.2.1/lib/web_console/templates/_markup.html.erb (0.4ms)
  Rendered /home/malt/.rbenv/versions/2.2.3/lib/ruby/gems/2.2.0/gems/web-console-2.2.1/lib/web_console/templates/_inner_console_markup.html.erb within layouts/inlined_string (0.4ms)
  Rendered /home/malt/.rbenv/versions/2.2.3/lib/ruby/gems/2.2.0/gems/web-console-2.2.1/lib/web_console/templates/_prompt_box_markup.html.erb within layouts/inlined_string (0.4ms)
  Rendered /home/malt/.rbenv/versions/2.2.3/lib/ruby/gems/2.2.0/gems/web-console-2.2.1/lib/web_console/templates/style.css.erb within layouts/inlined_string (0.4ms)
  Rendered /home/malt/.rbenv/versions/2.2.3/lib/ruby/gems/2.2.0/gems/web-console-2.2.1/lib/web_console/templates/console.js.erb within layouts/javascript (20.7ms)
  Rendered /home/malt/.rbenv/versions/2.2.3/lib/ruby/gems/2.2.0/gems/web-console-2.2.1/lib/web_console/templates/main.js.erb within layouts/javascript (0.4ms)
  Rendered /home/malt/.rbenv/versions/2.2.3/lib/ruby/gems/2.2.0/gems/web-console-2.2.1/lib/web_console/templates/error_page.js.erb within layouts/javascript (0.5ms)
  Rendered /home/malt/.rbenv/versions/2.2.3/lib/ruby/gems/2.2.0/gems/web-console-2.2.1/lib/web_console/templates/index.html.erb (41.9ms)


Started GET "/Yacht/ashinahai/log_1.txt" for ::1 at 2015-11-26 03:49:53 +0900

ActionController::RoutingError (No route matches [GET] "/Yacht/ashinahai/log_1.txt"):
  actionpack (4.2.4) lib/action_dispatch/middleware/debug_exceptions.rb:21:in `call'
  web-console (2.2.1) lib/web_console/middleware.rb:39:in `call'
  actionpack (4.2.4) lib/action_dispatch/middleware/show_exceptions.rb:30:in `call'
  railties (4.2.4) lib/rails/rack/logger.rb:38:in `call_app'
  railties (4.2.4) lib/rails/rack/logger.rb:20:in `block in call'
  activesupport (4.2.4) lib/active_support/tagged_logging.rb:68:in `block in tagged'
  activesupport (4.2.4) lib/active_support/tagged_logging.rb:26:in `tagged'
  activesupport (4.2.4) lib/active_support/tagged_logging.rb:68:in `tagged'
  railties (4.2.4) lib/rails/rack/logger.rb:20:in `call'
  actionpack (4.2.4) lib/action_dispatch/middleware/request_id.rb:21:in `call'
  rack (1.6.4) lib/rack/methodoverride.rb:22:in `call'
  rack (1.6.4) lib/rack/runtime.rb:18:in `call'
  activesupport (4.2.4) lib/active_support/cache/strategy/local_cache_middleware.rb:28:in `call'
  actionpack (4.2.4) lib/action_dispatch/middleware/static.rb:116:in `call'
  rack (1.6.4) lib/rack/sendfile.rb:113:in `call'
  railties (4.2.4) lib/rails/engine.rb:518:in `call'
  railties (4.2.4) lib/rails/application.rb:165:in `call'
  rack (1.6.4) lib/rack/lock.rb:17:in `call'
  rack (1.6.4) lib/rack/content_length.rb:15:in `call'
  rack (1.6.4) lib/rack/handler/webrick.rb:88:in `service'
  /home/malt/.rbenv/versions/2.2.3/lib/ruby/2.2.0/webrick/httpserver.rb:138:in `service'
  /home/malt/.rbenv/versions/2.2.3/lib/ruby/2.2.0/webrick/httpserver.rb:94:in `run'
  /home/malt/.rbenv/versions/2.2.3/lib/ruby/2.2.0/webrick/server.rb:294:in `block in start_thread'


  Rendered /home/malt/.rbenv/versions/2.2.3/lib/ruby/gems/2.2.0/gems/actionpack-4.2.4/lib/action_dispatch/middleware/templates/rescues/_trace.html.erb (1.5ms)
  Rendered /home/malt/.rbenv/versions/2.2.3/lib/ruby/gems/2.2.0/gems/actionpack-4.2.4/lib/action_dispatch/middleware/templates/routes/_route.html.erb (0.9ms)
  Rendered /home/malt/.rbenv/versions/2.2.3/lib/ruby/gems/2.2.0/gems/actionpack-4.2.4/lib/action_dispatch/middleware/templates/routes/_table.html.erb (1.4ms)
[2015-11-26 13:43:07] FATAL SignalException: SIGTERM
	/home/malt/.rbenv/versions/2.2.3/lib/ruby/2.2.0/webrick/server.rb:174:in `select'
	/home/malt/.rbenv/versions/2.2.3/lib/ruby/2.2.0/webrick/server.rb:174:in `block in start'
	/home/malt/.rbenv/versions/2.2.3/lib/ruby/2.2.0/webrick/server.rb:32:in `start'
	/home/malt/.rbenv/versions/2.2.3/lib/ruby/2.2.0/webrick/server.rb:162:in `start'
	/home/malt/.rbenv/versions/2.2.3/lib/ruby/gems/2.2.0/gems/rack-1.6.4/lib/rack/handler/webrick.rb:34:in `run'
	/home/malt/.rbenv/versions/2.2.3/lib/ruby/gems/2.2.0/gems/rack-1.6.4/lib/rack/server.rb:286:in `start'
	/home/malt/.rbenv/versions/2.2.3/lib/ruby/gems/2.2.0/gems/railties-4.2.4/lib/rails/commands/server.rb:80:in `start'
	/home/malt/.rbenv/versions/2.2.3/lib/ruby/gems/2.2.0/gems/railties-4.2.4/lib/rails/commands/commands_tasks.rb:80:in `block in server'
	/home/malt/.rbenv/versions/2.2.3/lib/ruby/gems/2.2.0/gems/railties-4.2.4/lib/rails/commands/commands_tasks.rb:75:in `tap'
	/home/malt/.rbenv/versions/2.2.3/lib/ruby/gems/2.2.0/gems/railties-4.2.4/lib/rails/commands/commands_tasks.rb:75:in `server'
	/home/malt/.rbenv/versions/2.2.3/lib/ruby/gems/2.2.0/gems/railties-4.2.4/lib/rails/commands/commands_tasks.rb:39:in `run_command!'
	/home/malt/.rbenv/versions/2.2.3/lib/ruby/gems/2.2.0/gems/railties-4.2.4/lib/rails/commands.rb:17:in `<top (required)>'
	/home/malt/Documents/WebrtcRailsProj/bin/rails:8:in `require'
	/home/malt/Documents/WebrtcRailsProj/bin/rails:8:in `<top (required)>'
	/home/malt/.rbenv/versions/2.2.3/lib/ruby/gems/2.2.0/gems/spring-1.4.4/lib/spring/client/rails.rb:28:in `load'
	/home/malt/.rbenv/versions/2.2.3/lib/ruby/gems/2.2.0/gems/spring-1.4.4/lib/spring/client/rails.rb:28:in `call'
	/home/malt/.rbenv/versions/2.2.3/lib/ruby/gems/2.2.0/gems/spring-1.4.4/lib/spring/client/command.rb:7:in `call'
	/home/malt/.rbenv/versions/2.2.3/lib/ruby/gems/2.2.0/gems/spring-1.4.4/lib/spring/client.rb:28:in `run'
	/home/malt/.rbenv/versions/2.2.3/lib/ruby/gems/2.2.0/gems/spring-1.4.4/bin/spring:49:in `<top (required)>'
	/home/malt/.rbenv/versions/2.2.3/lib/ruby/gems/2.2.0/gems/spring-1.4.4/lib/spring/binstub.rb:11:in `load'
	/home/malt/.rbenv/versions/2.2.3/lib/ruby/gems/2.2.0/gems/spring-1.4.4/lib/spring/binstub.rb:11:in `<top (required)>'
	/home/malt/Documents/WebrtcRailsProj/bin/spring:13:in `require'
	/home/malt/Documents/WebrtcRailsProj/bin/spring:13:in `<top (required)>'
	bin/rails:3:in `load'
	bin/rails:3:in `<main>'
[2015-11-26 13:43:07] INFO  going to shutdown ...
[2015-11-26 13:43:07] INFO  WEBrick::HTTPServer#start done.
  Rendered /home/malt/.rbenv/versions/2.2.3/lib/ruby/gems/2.2.0/gems/actionpack-4.2.4/lib/action_dispatch/middleware/templates/rescues/_request_and_response.html.erb (1.2ms)
  Rendered /home/malt/.rbenv/versions/2.2.3/lib/ruby/gems/2.2.0/gems/actionpack-4.2.4/lib/action_dispatch/middleware/templates/rescues/routing_error.html.erb within rescues/layout (28.5ms)
  Rendered /home/malt/.rbenv/versions/2.2.3/lib/ruby/gems/2.2.0/gems/web-console-2.2.1/lib/web_console/templates/_markup.html.erb (0.4ms)
  Rendered /home/malt/.rbenv/versions/2.2.3/lib/ruby/gems/2.2.0/gems/web-console-2.2.1/lib/web_console/templates/_inner_console_markup.html.erb within layouts/inlined_string (0.4ms)
  Rendered /home/malt/.rbenv/versions/2.2.3/lib/ruby/gems/2.2.0/gems/web-console-2.2.1/lib/web_console/templates/_prompt_box_markup.html.erb within layouts/inlined_string (0.4ms)
  Rendered /home/malt/.rbenv/versions/2.2.3/lib/ruby/gems/2.2.0/gems/web-console-2.2.1/lib/web_console/templates/style.css.erb within layouts/inlined_string (0.4ms)
  Rendered /home/malt/.rbenv/versions/2.2.3/lib/ruby/gems/2.2.0/gems/web-console-2.2.1/lib/web_console/templates/console.js.erb within layouts/javascript (20.6ms)
  Rendered /home/malt/.rbenv/versions/2.2.3/lib/ruby/gems/2.2.0/gems/web-console-2.2.1/lib/web_console/templates/main.js.erb within layouts/javascript (0.4ms)
  Rendered /home/malt/.rbenv/versions/2.2.3/lib/ruby/gems/2.2.0/gems/web-console-2.2.1/lib/web_console/templates/error_page.js.erb within layouts/javascript (0.5ms)
  Rendered /home/malt/.rbenv/versions/2.2.3/lib/ruby/gems/2.2.0/gems/web-console-2.2.1/lib/web_console/templates/index.html.erb (41.7ms)


Started GET "/testproxy.php" for 127.0.0.1 at 2015-11-26 06:49:53 +0900

ActionController::RoutingError (No route matches [GET] "/testproxy.php"):
  actionpack (4.2.4) lib/action_dispatch/middleware/debug_exceptions.rb:21:in `call'
  web-console (2.2.1) lib/web_console/middleware.rb:39:in `call'
  actionpack (4.2.4) lib/action_dispatch/middleware/show_exceptions.rb:30:in `call'
  railties (4.2.4) lib/rails/rack/logger.rb:38:in `call_app'
  railties (4.2.4) lib/rails/rack/logger.rb:20:in `block in call'
  activesupport (4.2.4) lib/active_support/tagged_logging.rb:68:in `block in tagged'
  activesupport (4.2.4) lib/active_support/tagged_logging.rb:26:in `tagged'
  activesupport (4.2.4) lib/active_support/tagged_logging.rb:68:in `tagged'
  railties (4.2.4) lib/rails/rack/logger.rb:20:in `call'
  actionpack (4.2.4) lib/action_dispatch/middleware/request_id.rb:21:in `call'
  rack (1.6.4) lib/rack/methodoverride.rb:22:in `call'
  rack (1.6.4) lib/rack/runtime.rb:18:in `call'
  activesupport (4.2.4) lib/active_support/cache/strategy/local_cache_middleware.rb:28:in `call'
  actionpack (4.2.4) lib/action_dispatch/middleware/static.rb:116:in `call'
  rack (1.6.4) lib/rack/sendfile.rb:113:in `call'
  railties (4.2.4) lib/rails/engine.rb:518:in `call'
  railties (4.2.4) lib/rails/application.rb:165:in `call'
  rack (1.6.4) lib/rack/lock.rb:17:in `call'
  rack (1.6.4) lib/rack/content_length.rb:15:in `call'
  rack (1.6.4) lib/rack/handler/webrick.rb:88:in `service'
  /home/malt/.rbenv/versions/2.2.3/lib/ruby/2.2.0/webrick/httpserver.rb:138:in `service'
  /home/malt/.rbenv/versions/2.2.3/lib/ruby/2.2.0/webrick/httpserver.rb:94:in `run'
  /home/malt/.rbenv/versions/2.2.3/lib/ruby/2.2.0/webrick/server.rb:294:in `block in start_thread'


  Rendered /home/malt/.rbenv/versions/2.2.3/lib/ruby/gems/2.2.0/gems/actionpack-4.2.4/lib/action_dispatch/middleware/templates/rescues/_trace.html.erb (1.8ms)
  Rendered /home/malt/.rbenv/versions/2.2.3/lib/ruby/gems/2.2.0/gems/actionpack-4.2.4/lib/action_dispatch/middleware/templates/routes/_route.html.erb (1.1ms)
  Rendered /home/malt/.rbenv/versions/2.2.3/lib/ruby/gems/2.2.0/gems/actionpack-4.2.4/lib/action_dispatch/middleware/templates/routes/_table.html.erb (1.6ms)
  Rendered /home/malt/.rbenv/versions/2.2.3/lib/ruby/gems/2.2.0/gems/actionpack-4.2.4/lib/action_dispatch/middleware/templates/rescues/_request_and_response.html.erb (1.2ms)
  Rendered /home/malt/.rbenv/versions/2.2.3/lib/ruby/gems/2.2.0/gems/actionpack-4.2.4/lib/action_dispatch/middleware/templates/rescues/routing_error.html.erb within rescues/layout (30.1ms)
  Rendered /home/malt/.rbenv/versions/2.2.3/lib/ruby/gems/2.2.0/gems/web-console-2.2.1/lib/web_console/templates/_markup.html.erb (0.5ms)
  Rendered /home/malt/.rbenv/versions/2.2.3/lib/ruby/gems/2.2.0/gems/web-console-2.2.1/lib/web_console/templates/_inner_console_markup.html.erb within layouts/inlined_string (0.4ms)
  Rendered /home/malt/.rbenv/versions/2.2.3/lib/ruby/gems/2.2.0/gems/web-console-2.2.1/lib/web_console/templates/_prompt_box_markup.html.erb within layouts/inlined_string (0.4ms)
  Rendered /home/malt/.rbenv/versions/2.2.3/lib/ruby/gems/2.2.0/gems/web-console-2.2.1/lib/web_console/templates/style.css.erb within layouts/inlined_string (0.4ms)
  Rendered /home/malt/.rbenv/versions/2.2.3/lib/ruby/gems/2.2.0/gems/web-console-2.2.1/lib/web_console/templates/console.js.erb within layouts/javascript (20.8ms)
  Rendered /home/malt/.rbenv/versions/2.2.3/lib/ruby/gems/2.2.0/gems/web-console-2.2.1/lib/web_console/templates/main.js.erb within layouts/javascript (0.4ms)
  Rendered /home/malt/.rbenv/versions/2.2.3/lib/ruby/gems/2.2.0/gems/web-console-2.2.1/lib/web_console/templates/error_page.js.erb within layouts/javascript (0.5ms)
  Rendered /home/malt/.rbenv/versions/2.2.3/lib/ruby/gems/2.2.0/gems/web-console-2.2.1/lib/web_console/templates/index.html.erb (43.0ms)


Started GET "/" for ::1 at 2015-11-26 13:22:40 +0900
Processing by Rails::WelcomeController#index as HTML
  Rendered /home/malt/.rbenv/versions/2.2.3/lib/ruby/gems/2.2.0/gems/railties-4.2.4/lib/rails/templates/rails/welcome/index.html.erb (0.1ms)
Completed 200 OK in 1ms (Views: 1.0ms | ActiveRecord: 0.0ms)
Exiting
